<?xml version="1.0" encoding="UTF-8"?>
<!-- Generated by org.testng.reporters.JUnitXMLReporter -->
<testsuite ignored="0" hostname="DESKTOP-IC2NU4G" failures="1" tests="1" name="TestPractice" time="17.504" errors="0" timestamp="2022-11-13T13:52:26 PST">
  <testcase classname="testCases.TC_001AccountRegisterPractice" name="test_Account_regestration" time="10.078">
    <failure type="java.lang.AssertionError" message="null">
      <![CDATA[java.lang.AssertionError: null
at testCases.TC_001AccountRegisterPractice.test_Account_regestration(TC_001AccountRegisterPractice.java:37)
at java.base/java.util.ArrayList.forEach(ArrayList.java:1511)
... Removed 29 stack frames]]>
    </failure>
  </testcase> <!-- test_Account_regestration -->
</testsuite> <!-- TestPractice -->
