<?xml version="1.0" encoding="UTF-8"?>
<!-- Generated by org.testng.reporters.JUnitXMLReporter -->
<testsuite ignored="0" hostname="DESKTOP-IC2NU4G" failures="0" tests="7" name="OpenCartTest" time="116.187" errors="0" timestamp="2022-11-17T16:03:58 PST">
  <testcase classname="testCases.TC_001AccountRegistrationRunner" name="test_account_registration" time="8.096"/>
  <testcase classname="testCases.TC_002_AccountRegistrationRunner" name="tc_002_Login" time="2.222"/>
  <testcase classname="testCases.TC_003_DataProvider" name="dastaProviderTest" time="10.841"/>
  <testcase classname="testCases.TC_003_DataProvider" name="dastaProviderTest" time="10.836"/>
  <testcase classname="testCases.TC_003_DataProvider" name="dastaProviderTest" time="10.923"/>
  <testcase classname="testCases.TC_003_DataProvider" name="dastaProviderTest" time="13.685"/>
  <testcase classname="testCases.TC_003_DataProvider" name="dastaProviderTest" time="1.415"/>
</testsuite> <!-- OpenCartTest -->
