<?xml version="1.0" encoding="UTF-8"?>
<testng-results ignored="0" total="7" passed="7" failed="0" skipped="0">
  <reporter-output>
  </reporter-output>
  <suite started-at="2022-11-17T16:02:01 PST" name="openCartSuite" finished-at="2022-11-17T16:03:58 PST" duration-ms="116187">
    <groups>
      <group name="Master">
        <method signature="TC_001AccountRegistrationRunner.test_account_registration()[pri:0, instance:testCases.TC_001AccountRegistrationRunner@2e005c4b]" name="test_account_registration" class="testCases.TC_001AccountRegistrationRunner"/>
        <method signature="TC_002_AccountRegistrationRunner.tc_002_Login()[pri:0, instance:testCases.TC_002_AccountRegistrationRunner@a514af7]" name="tc_002_Login" class="testCases.TC_002_AccountRegistrationRunner"/>
      </group> <!-- Master -->
      <group name="Regression">
        <method signature="TC_001AccountRegistrationRunner.test_account_registration()[pri:0, instance:testCases.TC_001AccountRegistrationRunner@2e005c4b]" name="test_account_registration" class="testCases.TC_001AccountRegistrationRunner"/>
      </group> <!-- Regression -->
      <group name="sanity">
        <method signature="TC_002_AccountRegistrationRunner.tc_002_Login()[pri:0, instance:testCases.TC_002_AccountRegistrationRunner@a514af7]" name="tc_002_Login" class="testCases.TC_002_AccountRegistrationRunner"/>
      </group> <!-- sanity -->
    </groups>
    <test started-at="2022-11-17T16:02:01 PST" name="OpenCartTest" finished-at="2022-11-17T16:03:58 PST" duration-ms="116187">
      <class name="testCases.TC_002_AccountRegistrationRunner">
        <test-method is-config="true" signature="setup(java.lang.String)[pri:0, instance:testCases.TC_002_AccountRegistrationRunner@a514af7]" started-at="2022-11-17T16:02:29 PST" name="setup" finished-at="2022-11-17T16:02:41 PST" duration-ms="11650" status="PASS">
          <params>
            <param index="0">
              <value>
                <![CDATA[chrome]]>
              </value>
            </param>
          </params>
          <reporter-output>
          </reporter-output>
        </test-method> <!-- setup -->
        <test-method signature="tc_002_Login()[pri:0, instance:testCases.TC_002_AccountRegistrationRunner@a514af7]" started-at="2022-11-17T16:02:41 PST" name="tc_002_Login" finished-at="2022-11-17T16:02:43 PST" duration-ms="2222" status="PASS">
          <reporter-output>
          </reporter-output>
        </test-method> <!-- tc_002_Login -->
      </class> <!-- testCases.TC_002_AccountRegistrationRunner -->
      <class name="testCases.TC_001AccountRegistrationRunner">
        <test-method is-config="true" signature="setup(java.lang.String)[pri:0, instance:testCases.TC_001AccountRegistrationRunner@2e005c4b]" started-at="2022-11-17T16:02:02 PST" name="setup" finished-at="2022-11-17T16:02:21 PST" duration-ms="19194" status="PASS">
          <params>
            <param index="0">
              <value>
                <![CDATA[chrome]]>
              </value>
            </param>
          </params>
          <reporter-output>
          </reporter-output>
        </test-method> <!-- setup -->
        <test-method signature="test_account_registration()[pri:0, instance:testCases.TC_001AccountRegistrationRunner@2e005c4b]" started-at="2022-11-17T16:02:21 PST" name="test_account_registration" finished-at="2022-11-17T16:02:29 PST" duration-ms="8096" status="PASS">
          <reporter-output>
          </reporter-output>
        </test-method> <!-- test_account_registration -->
      </class> <!-- testCases.TC_001AccountRegistrationRunner -->
      <class name="testCases.TC_003_DataProvider">
        <test-method is-config="true" signature="setup(java.lang.String)[pri:0, instance:testCases.TC_003_DataProvider@6b927fb]" started-at="2022-11-17T16:02:43 PST" name="setup" finished-at="2022-11-17T16:03:09 PST" duration-ms="26020" status="PASS">
          <params>
            <param index="0">
              <value>
                <![CDATA[chrome]]>
              </value>
            </param>
          </params>
          <reporter-output>
          </reporter-output>
        </test-method> <!-- setup -->
        <test-method signature="dastaProviderTest(java.lang.String,java.lang.String,java.lang.String)[pri:0, instance:testCases.TC_003_DataProvider@6b927fb]" started-at="2022-11-17T16:03:10 PST" name="dastaProviderTest" data-provider="loginData" finished-at="2022-11-17T16:03:21 PST" duration-ms="10841" status="PASS">
          <params>
            <param index="0">
              <value>
                <![CDATA[pavanoltraining@gmail.com]]>
              </value>
            </param>
            <param index="1">
              <value>
                <![CDATA[test@123]]>
              </value>
            </param>
            <param index="2">
              <value>
                <![CDATA[Invalid]]>
              </value>
            </param>
          </params>
          <reporter-output>
          </reporter-output>
        </test-method> <!-- dastaProviderTest -->
        <test-method signature="dastaProviderTest(java.lang.String,java.lang.String,java.lang.String)[pri:0, instance:testCases.TC_003_DataProvider@6b927fb]" started-at="2022-11-17T16:03:21 PST" name="dastaProviderTest" data-provider="loginData" finished-at="2022-11-17T16:03:31 PST" duration-ms="10836" status="PASS">
          <params>
            <param index="0">
              <value>
                <![CDATA[lakshmi@yahoo.com]]>
              </value>
            </param>
            <param index="1">
              <value>
                <![CDATA[Laxmi]]>
              </value>
            </param>
            <param index="2">
              <value>
                <![CDATA[Invalid]]>
              </value>
            </param>
          </params>
          <reporter-output>
          </reporter-output>
        </test-method> <!-- dastaProviderTest -->
        <test-method signature="dastaProviderTest(java.lang.String,java.lang.String,java.lang.String)[pri:0, instance:testCases.TC_003_DataProvider@6b927fb]" started-at="2022-11-17T16:03:31 PST" name="dastaProviderTest" data-provider="loginData" finished-at="2022-11-17T16:03:42 PST" duration-ms="10923" status="PASS">
          <params>
            <param index="0">
              <value>
                <![CDATA[laksh@yahoo.com]]>
              </value>
            </param>
            <param index="1">
              <value>
                <![CDATA[Lakshmi]]>
              </value>
            </param>
            <param index="2">
              <value>
                <![CDATA[Invalid]]>
              </value>
            </param>
          </params>
          <reporter-output>
          </reporter-output>
        </test-method> <!-- dastaProviderTest -->
        <test-method signature="dastaProviderTest(java.lang.String,java.lang.String,java.lang.String)[pri:0, instance:testCases.TC_003_DataProvider@6b927fb]" started-at="2022-11-17T16:03:42 PST" name="dastaProviderTest" data-provider="loginData" finished-at="2022-11-17T16:03:56 PST" duration-ms="13685" status="PASS">
          <params>
            <param index="0">
              <value>
                <![CDATA[laks@yahoo.com]]>
              </value>
            </param>
            <param index="1">
              <value>
                <![CDATA[xyz]]>
              </value>
            </param>
            <param index="2">
              <value>
                <![CDATA[Invalid]]>
              </value>
            </param>
          </params>
          <reporter-output>
          </reporter-output>
        </test-method> <!-- dastaProviderTest -->
        <test-method signature="dastaProviderTest(java.lang.String,java.lang.String,java.lang.String)[pri:0, instance:testCases.TC_003_DataProvider@6b927fb]" started-at="2022-11-17T16:03:56 PST" name="dastaProviderTest" data-provider="loginData" finished-at="2022-11-17T16:03:58 PST" duration-ms="1415" status="PASS">
          <params>
            <param index="0">
              <value>
                <![CDATA[nasirahmad11@gmail.com]]>
              </value>
            </param>
            <param index="1">
              <value>
                <![CDATA[nasir123@@]]>
              </value>
            </param>
            <param index="2">
              <value>
                <![CDATA[Valid]]>
              </value>
            </param>
          </params>
          <reporter-output>
          </reporter-output>
        </test-method> <!-- dastaProviderTest -->
      </class> <!-- testCases.TC_003_DataProvider -->
    </test> <!-- OpenCartTest -->
  </suite> <!-- openCartSuite -->
</testng-results>
