<?xml version="1.0" encoding="UTF-8"?>
<!-- Generated by org.testng.reporters.JUnitXMLReporter -->
<testsuite ignored="0" hostname="DESKTOP-IC2NU4G" failures="0" tests="2" name="firefoxTest" time="62.673" errors="0" timestamp="2022-11-15T15:42:52 PST">
  <testcase classname="testCases.TC_001AccountRegistrationRunner" name="test_account_registration" time="9.42"/>
  <testcase classname="testCases.TC_002_AccountRegistrationRunner" name="tc_002_Login" time="1.105"/>
</testsuite> <!-- firefoxTest -->
